<?xml version="1.0" encoding="UTF-8"?>
<testng-results ignored="0" total="2" passed="2" failed="0" skipped="0">
  <reporter-output>
  </reporter-output>
  <suite started-at="2024-05-12T11:57:22 IST" name="All Test Suite" finished-at="2024-05-12T11:57:38 IST" duration-ms="15641">
    <groups>
    </groups>
    <test started-at="2024-05-12T11:57:22 IST" name="C:/Users/venka/IdeaProjects/Myfirstprojectintelleji/src/test/java/org/example" finished-at="2024-05-12T11:57:38 IST" duration-ms="15641">
      <class name="selenium.Parallelexecution">
        <test-method signature="Chromegooglepage(java.lang.String)[pri:0, instance:selenium.Parallelexecution@2667f029, instance params:[]]" started-at="2024-05-12T11:57:22 IST" name="Chromegooglepage" finished-at="2024-05-12T11:57:30 IST" duration-ms="7295" status="PASS">
          <params>
            <param index="0">
              <value>
                <![CDATA[edge]]>
              </value>
            </param>
          </params>
          <reporter-output>
          </reporter-output>
        </test-method> <!-- Chromegooglepage -->
        <test-method signature="Chromegooglepage(java.lang.String)[pri:0, instance:selenium.Parallelexecution@67a20f67, instance params:[]]" started-at="2024-05-12T11:57:30 IST" name="Chromegooglepage" finished-at="2024-05-12T11:57:38 IST" duration-ms="8283" status="PASS">
          <params>
            <param index="0">
              <value>
                <![CDATA[edge]]>
              </value>
            </param>
          </params>
          <reporter-output>
          </reporter-output>
        </test-method> <!-- Chromegooglepage -->
      </class> <!-- selenium.Parallelexecution -->
    </test> <!-- C:/Users/venka/IdeaProjects/Myfirstprojectintelleji/src/test/java/org/example -->
  </suite> <!-- All Test Suite -->
</testng-results>
