<?xml version="1.0" encoding="UTF-8"?>
<testsuite xmlns:xsi="http://www.w3.org/2001/XMLSchema-instance" xsi:noNamespaceSchemaLocation="https://maven.apache.org/surefire/maven-surefire-plugin/xsd/surefire-test-report.xsd" name="TestSuite" time="16.478" tests="2" errors="0" skipped="0" failures="0">
  <properties>
[...]
</properties>
  <testcase name="Chromegooglepage" classname="selenium.Parallelexecution" time="7.299"/>
  <testcase name="Chromegooglepage" classname="selenium.Parallelexecution" time="8.278"/>
</testsuite>